{
  "RSpec": {
    "coverage": {
      "/home/passionate-optimization-7398/tic-tac-toe-rb-online-web-sp-000/lib/tic_tac_toe.rb": [
        null,
        null,
        null,
        null,
        1,
        null,
        null,
        null,
        null,
        null,
        null,
        null,
        null,
        null,
        null,
        null,
        1,
        18,
        18,
        18,
        18,
        18,
        null,
        null,
        null,
        1,
        18,
        null,
        null,
        null,
        1,
        18,
        null,
        null,
        null,
        1,
        85,
        null,
        null,
        null,
        null,
        1,
        18,
        null,
        null,
        null,
        null,
        1,
        18,
        18,
        18,
        18,
        18,
        18,
        18,
        null,
        0,
        null,
        null,
        null,
        null,
        1,
        30,
        30,
        270,
        54,
        null,
        null,
        30,
        null,
        null,
        null,
        null,
        1,
        18,
        11,
        null,
        7,
        null,
        null,
        null,
        null,
        null,
        1,
        24,
        154,
        null,
        null,
        null,
        null,
        null,
        1,
        167,
        null,
        null,
        1,
        27,
        null,
        null,
        1,
        17,
        null,
        null,
        1,
        8,
        4,
        null,
        null,
        null,
        null,
        1,
        12,
        12,
        18,
        18,
        null,
        12,
        3,
        null,
        9,
        null,
        null
      ]
    },
    "timestamp": 1556998302
  }
}
