{
  "RSpec": {
    "coverage": {
      "/home/passionate-optimization-7398/tic-tac-toe-rb-online-web-sp-000/lib/tic_tac_toe.rb": [
        null,
        null,
        null,
        null,
        1,
        null,
        null,
        null,
        null,
        null,
        null,
        null,
        null,
        null,
        null,
        null,
        1,
        23,
        23,
        23,
        23,
        23,
        null,
        null,
        null,
        1,
        44569,
        null,
        null,
        null,
        1,
        23,
        null,
        null,
        null,
        1,
        44431,
        null,
        null,
        null,
        null,
        1,
        44569,
        null,
        null,
        null,
        null,
        1,
        44578,
        44572,
        44569,
        44569,
        23,
        23,
        null,
        44546,
        null,
        null,
        null,
        null,
        1,
        35,
        35,
        315,
        90,
        null,
        null,
        35,
        null,
        null,
        null,
        null,
        1,
        0,
        0,
        null,
        0,
        null,
        null,
        null,
        null,
        null,
        1,
        0,
        0,
        null,
        null,
        null,
        null,
        null,
        1,
        0,
        null,
        null,
        1,
        0,
        null,
        null,
        1,
        0,
        null,
        null,
        1,
        0,
        0,
        null,
        null,
        null,
        1,
        12,
        33,
        null,
        null
      ]
    },
    "timestamp": 1556996036
  }
}
